This file contains any messages produced by compilers while
running configure, to aid debugging if configure makes a mistake.

It was created by wxchartdir configure 1.0.0, which was
generated by GNU Autoconf 2.69.  Invocation command line was

  $ ../configure 

## --------- ##
## Platform. ##
## --------- ##

hostname = sagemcom.ip
uname -m = x86_64
uname -r = 5.6.6-200.fc31.x86_64
uname -s = Linux
uname -v = #1 SMP Tue Apr 21 15:34:22 UTC 2020

/usr/bin/uname -p = x86_64
/bin/uname -X     = unknown

/bin/arch              = x86_64
/usr/bin/arch -k       = unknown
/usr/convex/getsysinfo = unknown
/usr/bin/hostinfo      = unknown
/bin/machine           = unknown
/usr/bin/oslevel       = unknown
/bin/universe          = unknown

PATH: /home/madalin/.local/bin
PATH: /home/madalin/bin
PATH: /usr/local/bin
PATH: /usr/bin
PATH: /bin
PATH: /usr/local/sbin
PATH: /usr/sbin
PATH: /home/madalin/.dotnet/tools
PATH: /home/madalin/.dotnet/tools


## ----------- ##
## Core tests. ##
## ----------- ##

configure:2576: checking for a BSD-compatible install
configure:2644: result: /usr/bin/install -c
configure:2655: checking whether build environment is sane
configure:2710: result: yes
configure:2859: checking for a thread-safe mkdir -p
configure:2898: result: /usr/bin/mkdir -p
configure:2905: checking for gawk
configure:2921: found /usr/bin/gawk
configure:2932: result: gawk
configure:2943: checking whether make sets $(MAKE)
configure:2965: result: yes
configure:2994: checking whether make supports nested variables
configure:3011: result: yes
configure:3138: checking whether to enable maintainer-specific portions of Makefiles
configure:3147: result: yes
configure:3171: checking whether make supports nested variables
configure:3188: result: yes
configure:3229: checking build system type
configure:3243: result: x86_64-unknown-linux-gnu
configure:3263: checking host system type
configure:3276: result: x86_64-unknown-linux-gnu
configure:3317: checking how to print strings
configure:3344: result: printf
configure:3369: checking whether make supports the include directive
configure:3384: make -f confmf.GNU && cat confinc.out
this is the am__doit target
configure:3387: $? = 0
configure:3406: result: yes (GNU style)
configure:3476: checking for gcc
configure:3492: found /usr/bin/gcc
configure:3503: result: gcc
configure:3732: checking for C compiler version
configure:3741: gcc --version >&5
gcc (GCC) 9.3.1 20200408 (Red Hat 9.3.1-2)
Copyright (C) 2019 Free Software Foundation, Inc.
This is free software; see the source for copying conditions.  There is NO
warranty; not even for MERCHANTABILITY or FITNESS FOR A PARTICULAR PURPOSE.

configure:3752: $? = 0
configure:3741: gcc -v >&5
Using built-in specs.
COLLECT_GCC=gcc
COLLECT_LTO_WRAPPER=/usr/libexec/gcc/x86_64-redhat-linux/9/lto-wrapper
OFFLOAD_TARGET_NAMES=nvptx-none
OFFLOAD_TARGET_DEFAULT=1
Target: x86_64-redhat-linux
Configured with: ../configure --enable-bootstrap --enable-languages=c,c++,fortran,objc,obj-c++,ada,go,d,lto --prefix=/usr --mandir=/usr/share/man --infodir=/usr/share/info --with-bugurl=http://bugzilla.redhat.com/bugzilla --enable-shared --enable-threads=posix --enable-checking=release --enable-multilib --with-system-zlib --enable-__cxa_atexit --disable-libunwind-exceptions --enable-gnu-unique-object --enable-linker-build-id --with-gcc-major-version-only --with-linker-hash-style=gnu --enable-plugin --enable-initfini-array --with-isl --enable-offload-targets=nvptx-none --without-cuda-driver --enable-gnu-indirect-function --enable-cet --with-tune=generic --with-arch_32=i686 --build=x86_64-redhat-linux
Thread model: posix
gcc version 9.3.1 20200408 (Red Hat 9.3.1-2) (GCC) 
configure:3752: $? = 0
configure:3741: gcc -V >&5
gcc: error: unrecognized command line option '-V'
gcc: fatal error: no input files
compilation terminated.
configure:3752: $? = 1
configure:3741: gcc -qversion >&5
gcc: error: unrecognized command line option '-qversion'; did you mean '--version'?
gcc: fatal error: no input files
compilation terminated.
configure:3752: $? = 1
configure:3772: checking whether the C compiler works
configure:3794: gcc    conftest.c  >&5
configure:3798: $? = 0
configure:3846: result: yes
configure:3849: checking for C compiler default output file name
configure:3851: result: a.out
configure:3857: checking for suffix of executables
configure:3864: gcc -o conftest    conftest.c  >&5
configure:3868: $? = 0
configure:3890: result: 
configure:3912: checking whether we are cross compiling
configure:3920: gcc -o conftest    conftest.c  >&5
configure:3924: $? = 0
configure:3931: ./conftest
configure:3935: $? = 0
configure:3923: result: no
configure:3928: checking for suffix of object files
configure:3950: gcc -c   conftest.c >&5
configure:3954: $? = 0
configure:3975: result: o
configure:3979: checking whether we are using the GNU C compiler
configure:3998: gcc -c   conftest.c >&5
configure:3998: $? = 0
configure:4007: result: yes
configure:4016: checking whether gcc accepts -g
configure:4036: gcc -c -g  conftest.c >&5
configure:4036: $? = 0
configure:4077: result: yes
configure:4094: checking for gcc option to accept ISO C89
configure:4157: gcc  -c -g -O2  conftest.c >&5
configure:4157: $? = 0
configure:4170: result: none needed
configure:4195: checking whether gcc understands -c and -o together
configure:4217: gcc -c conftest.c -o conftest2.o
configure:4220: $? = 0
configure:4217: gcc -c conftest.c -o conftest2.o
configure:4220: $? = 0
configure:4232: result: yes
configure:4251: checking dependency style of gcc
configure:4362: result: gcc3
configure:4377: checking for a sed that does not truncate output
configure:4441: result: /usr/bin/sed
configure:4459: checking for grep that handles long lines and -e
configure:4517: result: /usr/bin/grep
configure:4522: checking for egrep
configure:4584: result: /usr/bin/grep -E
configure:4589: checking for fgrep
configure:4651: result: /usr/bin/grep -F
configure:4686: checking for ld used by gcc
configure:4753: result: /usr/bin/ld
configure:4760: checking if the linker (/usr/bin/ld) is GNU ld
configure:4775: result: yes
configure:4787: checking for BSD- or MS-compatible name lister (nm)
configure:4836: result: /usr/bin/nm -B
configure:4966: checking the name lister (/usr/bin/nm -B) interface
configure:4973: gcc -c -g -O2  conftest.c >&5
configure:4976: /usr/bin/nm -B "conftest.o"
configure:4979: output
0000000000000000 B some_variable
configure:4980: result: BSD nm
configure:4983: checking whether ln -s works
configure:4987: result: yes
configure:4995: checking the maximum length of command line arguments
configure:5126: result: 1572864
configure:5143: checking whether the shell understands some XSI constructs
configure:5152: result: yes
configure:5156: checking whether the shell understands "+="
configure:5160: result: yes
configure:5195: checking how to convert x86_64-unknown-linux-gnu file names to x86_64-unknown-linux-gnu format
configure:5235: result: func_convert_file_noop
configure:5242: checking how to convert x86_64-unknown-linux-gnu file names to toolchain format
configure:5262: result: func_convert_file_noop
configure:5269: checking for /usr/bin/ld option to reload object files
configure:5276: result: -r
configure:5350: checking for objdump
configure:5366: found /usr/bin/objdump
configure:5377: result: objdump
configure:5409: checking how to recognize dependent libraries
configure:5607: result: pass_all
configure:5692: checking for dlltool
configure:5722: result: no
configure:5752: checking how to associate runtime and link libraries
configure:5779: result: printf %s\n
configure:5840: checking for ar
configure:5856: found /usr/bin/ar
configure:5867: result: ar
configure:5904: checking for archiver @FILE support
configure:5921: gcc -c -g -O2  conftest.c >&5
configure:5921: $? = 0
configure:5924: ar cru libconftest.a @conftest.lst >&5
configure:5927: $? = 0
configure:5932: ar cru libconftest.a @conftest.lst >&5
ar: conftest.o: No such file or directory
configure:5935: $? = 1
configure:5934: result: @
configure:5992: checking for strip
configure:6008: found /usr/bin/strip
configure:6019: result: strip
configure:6091: checking for ranlib
configure:6107: found /usr/bin/ranlib
configure:6118: result: ranlib
configure:6220: checking command to parse /usr/bin/nm -B output from gcc object
configure:6340: gcc -c -g -O2  conftest.c >&5
configure:6343: $? = 0
configure:6347: /usr/bin/nm -B conftest.o \| sed -n -e 's/^.*[ ]\([ABCDGIRSTW][ABCDGIRSTW]*\)[ ][ ]*\([_A-Za-z][_A-Za-z0-9]*\)$/\1 \2 \2/p' | sed '/ __gnu_lto/d' \> conftest.nm
configure:6350: $? = 0
configure:6416: gcc -o conftest -g -O2   conftest.c conftstm.o >&5
configure:6419: $? = 0
configure:6457: result: ok
configure:6494: checking for sysroot
configure:6524: result: no
configure:6601: gcc -c -g -O2  conftest.c >&5
configure:6604: $? = 0
configure:6793: checking for mt
configure:6823: result: no
configure:6843: checking if : is a manifest tool
configure:6849: : '-?'
configure:6857: result: no
configure:7499: checking how to run the C preprocessor
configure:7530: gcc -E  conftest.c
configure:7530: $? = 0
configure:7544: gcc -E  conftest.c
conftest.c:11:10: fatal error: ac_nonexistent.h: No such file or directory
   11 | #include <ac_nonexistent.h>
      |          ^~~~~~~~~~~~~~~~~~
compilation terminated.
configure:7544: $? = 1
configure: failed program was:
| /* confdefs.h */
| #define PACKAGE_NAME "wxchartdir"
| #define PACKAGE_TARNAME "wxchartdir"
| #define PACKAGE_VERSION "1.0.0"
| #define PACKAGE_STRING "wxchartdir 1.0.0"
| #define PACKAGE_BUGREPORT "ulrich@telle-online.de"
| #define PACKAGE_URL ""
| #define PACKAGE "wxchartdir"
| #define VERSION "1.0.0"
| /* end confdefs.h.  */
| #include <ac_nonexistent.h>
configure:7569: result: gcc -E
configure:7589: gcc -E  conftest.c
configure:7589: $? = 0
configure:7603: gcc -E  conftest.c
conftest.c:11:10: fatal error: ac_nonexistent.h: No such file or directory
   11 | #include <ac_nonexistent.h>
      |          ^~~~~~~~~~~~~~~~~~
compilation terminated.
configure:7603: $? = 1
configure: failed program was:
| /* confdefs.h */
| #define PACKAGE_NAME "wxchartdir"
| #define PACKAGE_TARNAME "wxchartdir"
| #define PACKAGE_VERSION "1.0.0"
| #define PACKAGE_STRING "wxchartdir 1.0.0"
| #define PACKAGE_BUGREPORT "ulrich@telle-online.de"
| #define PACKAGE_URL ""
| #define PACKAGE "wxchartdir"
| #define VERSION "1.0.0"
| /* end confdefs.h.  */
| #include <ac_nonexistent.h>
configure:7632: checking for ANSI C header files
configure:7652: gcc -c -g -O2  conftest.c >&5
configure:7652: $? = 0
configure:7725: gcc -o conftest -g -O2   conftest.c  >&5
configure:7725: $? = 0
configure:7725: ./conftest
configure:7725: $? = 0
configure:7736: result: yes
configure:7749: checking for sys/types.h
configure:7749: gcc -c -g -O2  conftest.c >&5
configure:7749: $? = 0
configure:7749: result: yes
configure:7749: checking for sys/stat.h
configure:7749: gcc -c -g -O2  conftest.c >&5
configure:7749: $? = 0
configure:7749: result: yes
configure:7749: checking for stdlib.h
configure:7749: gcc -c -g -O2  conftest.c >&5
configure:7749: $? = 0
configure:7749: result: yes
configure:7749: checking for string.h
configure:7749: gcc -c -g -O2  conftest.c >&5
configure:7749: $? = 0
configure:7749: result: yes
configure:7749: checking for memory.h
configure:7749: gcc -c -g -O2  conftest.c >&5
configure:7749: $? = 0
configure:7749: result: yes
configure:7749: checking for strings.h
configure:7749: gcc -c -g -O2  conftest.c >&5
configure:7749: $? = 0
configure:7749: result: yes
configure:7749: checking for inttypes.h
configure:7749: gcc -c -g -O2  conftest.c >&5
configure:7749: $? = 0
configure:7749: result: yes
configure:7749: checking for stdint.h
configure:7749: gcc -c -g -O2  conftest.c >&5
configure:7749: $? = 0
configure:7749: result: yes
configure:7749: checking for unistd.h
configure:7749: gcc -c -g -O2  conftest.c >&5
configure:7749: $? = 0
configure:7749: result: yes
configure:7763: checking for dlfcn.h
configure:7763: gcc -c -g -O2  conftest.c >&5
configure:7763: $? = 0
configure:7763: result: yes
configure:7969: checking for objdir
configure:7984: result: .libs
configure:8255: checking if gcc supports -fno-rtti -fno-exceptions
configure:8273: gcc -c -g -O2  -fno-rtti -fno-exceptions conftest.c >&5
cc1: warning: command line option '-fno-rtti' is valid for C++/D/ObjC++ but not for C
configure:8277: $? = 0
configure:8290: result: no
configure:8617: checking for gcc option to produce PIC
configure:8624: result: -fPIC -DPIC
configure:8632: checking if gcc PIC flag -fPIC -DPIC works
configure:8650: gcc -c -g -O2  -fPIC -DPIC -DPIC conftest.c >&5
configure:8654: $? = 0
configure:8667: result: yes
configure:8696: checking if gcc static flag -static works
configure:8724: result: no
configure:8739: checking if gcc supports -c -o file.o
configure:8760: gcc -c -g -O2  -o out/conftest2.o conftest.c >&5
configure:8764: $? = 0
configure:8786: result: yes
configure:8794: checking if gcc supports -c -o file.o
configure:8841: result: yes
configure:8874: checking whether the gcc linker (/usr/bin/ld -m elf_x86_64) supports shared libraries
configure:10031: result: yes
configure:10068: checking whether -lc should be explicitly linked in
configure:10076: gcc -c -g -O2  conftest.c >&5
configure:10079: $? = 0
configure:10094: gcc -shared  -fPIC -DPIC conftest.o  -v -Wl,-soname -Wl,conftest -o conftest 2\>\&1 \| /usr/bin/grep  -lc  \>/dev/null 2\>\&1
configure:10097: $? = 0
configure:10111: result: no
configure:10271: checking dynamic linker characteristics
configure:10771: gcc -o conftest -g -O2   -Wl,-rpath -Wl,/foo conftest.c  >&5
configure:10771: $? = 0
configure:11005: result: GNU/Linux ld.so
configure:11112: checking how to hardcode library paths into programs
configure:11137: result: immediate
configure:11677: checking whether stripping libraries is possible
configure:11682: result: yes
configure:11717: checking if libtool supports shared libraries
configure:11719: result: yes
configure:11722: checking whether to build shared libraries
configure:11743: result: yes
configure:11746: checking whether to build static libraries
configure:11750: result: yes
configure:8859: checking for g++
configure:8875: found /usr/bin/g++
configure:8886: result: g++
configure:8913: checking for C++ compiler version
configure:8922: g++ --version >&5
g++ (GCC) 9.3.1 20200408 (Red Hat 9.3.1-2)
Copyright (C) 2019 Free Software Foundation, Inc.
This is free software; see the source for copying conditions.  There is NO
warranty; not even for MERCHANTABILITY or FITNESS FOR A PARTICULAR PURPOSE.

configure:8933: $? = 0
configure:8922: g++ -v >&5
Using built-in specs.
COLLECT_GCC=g++
COLLECT_LTO_WRAPPER=/usr/libexec/gcc/x86_64-redhat-linux/9/lto-wrapper
OFFLOAD_TARGET_NAMES=nvptx-none
OFFLOAD_TARGET_DEFAULT=1
Target: x86_64-redhat-linux
Configured with: ../configure --enable-bootstrap --enable-languages=c,c++,fortran,objc,obj-c++,ada,go,d,lto --prefix=/usr --mandir=/usr/share/man --infodir=/usr/share/info --with-bugurl=http://bugzilla.redhat.com/bugzilla --enable-shared --enable-threads=posix --enable-checking=release --enable-multilib --with-system-zlib --enable-__cxa_atexit --disable-libunwind-exceptions --enable-gnu-unique-object --enable-linker-build-id --with-gcc-major-version-only --with-linker-hash-style=gnu --enable-plugin --enable-initfini-array --with-isl --enable-offload-targets=nvptx-none --without-cuda-driver --enable-gnu-indirect-function --enable-cet --with-tune=generic --with-arch_32=i686 --build=x86_64-redhat-linux
Thread model: posix
gcc version 9.3.1 20200408 (Red Hat 9.3.1-2) (GCC) 
configure:8933: $? = 0
configure:8922: g++ -V >&5
g++: error: unrecognized command line option '-V'
g++: fatal error: no input files
compilation terminated.
configure:8933: $? = 1
configure:8922: g++ -qversion >&5
g++: error: unrecognized command line option '-qversion'; did you mean '--version'?
g++: fatal error: no input files
compilation terminated.
configure:8933: $? = 1
configure:8937: checking whether we are using the GNU C++ compiler
configure:8956: g++ -c   conftest.cpp >&5
configure:8956: $? = 0
configure:8965: result: yes
configure:8974: checking whether g++ accepts -g
configure:8994: g++ -c -g  conftest.cpp >&5
configure:8994: $? = 0
configure:9035: result: yes
configure:9060: checking dependency style of g++
configure:9171: result: gcc3
configure:9204: checking how to run the C++ preprocessor
configure:9231: g++ -E  conftest.cpp
configure:9231: $? = 0
configure:9245: g++ -E  conftest.cpp
conftest.cpp:23:10: fatal error: ac_nonexistent.h: No such file or directory
   23 | #include <ac_nonexistent.h>
      |          ^~~~~~~~~~~~~~~~~~
compilation terminated.
configure:9245: $? = 1
configure: failed program was:
| /* confdefs.h */
| #define PACKAGE_NAME "wxchartdir"
| #define PACKAGE_TARNAME "wxchartdir"
| #define PACKAGE_VERSION "1.0.0"
| #define PACKAGE_STRING "wxchartdir 1.0.0"
| #define PACKAGE_BUGREPORT "ulrich@telle-online.de"
| #define PACKAGE_URL ""
| #define PACKAGE "wxchartdir"
| #define VERSION "1.0.0"
| #define STDC_HEADERS 1
| #define HAVE_SYS_TYPES_H 1
| #define HAVE_SYS_STAT_H 1
| #define HAVE_STDLIB_H 1
| #define HAVE_STRING_H 1
| #define HAVE_MEMORY_H 1
| #define HAVE_STRINGS_H 1
| #define HAVE_INTTYPES_H 1
| #define HAVE_STDINT_H 1
| #define HAVE_UNISTD_H 1
| #define HAVE_DLFCN_H 1
| #define LT_OBJDIR ".libs/"
| /* end confdefs.h.  */
| #include <ac_nonexistent.h>
configure:9270: result: g++ -E
configure:9290: g++ -E  conftest.cpp
configure:9290: $? = 0
configure:9304: g++ -E  conftest.cpp
conftest.cpp:23:10: fatal error: ac_nonexistent.h: No such file or directory
   23 | #include <ac_nonexistent.h>
      |          ^~~~~~~~~~~~~~~~~~
compilation terminated.
configure:9304: $? = 1
configure: failed program was:
| /* confdefs.h */
| #define PACKAGE_NAME "wxchartdir"
| #define PACKAGE_TARNAME "wxchartdir"
| #define PACKAGE_VERSION "1.0.0"
| #define PACKAGE_STRING "wxchartdir 1.0.0"
| #define PACKAGE_BUGREPORT "ulrich@telle-online.de"
| #define PACKAGE_URL ""
| #define PACKAGE "wxchartdir"
| #define VERSION "1.0.0"
| #define STDC_HEADERS 1
| #define HAVE_SYS_TYPES_H 1
| #define HAVE_SYS_STAT_H 1
| #define HAVE_STDLIB_H 1
| #define HAVE_STRING_H 1
| #define HAVE_MEMORY_H 1
| #define HAVE_STRINGS_H 1
| #define HAVE_INTTYPES_H 1
| #define HAVE_STDINT_H 1
| #define HAVE_UNISTD_H 1
| #define HAVE_DLFCN_H 1
| #define LT_OBJDIR ".libs/"
| /* end confdefs.h.  */
| #include <ac_nonexistent.h>
configure:9473: checking for ld used by g++
configure:9540: result: /usr/bin/ld -m elf_x86_64
configure:9547: checking if the linker (/usr/bin/ld -m elf_x86_64) is GNU ld
configure:9562: result: yes
configure:9617: checking whether the g++ linker (/usr/bin/ld -m elf_x86_64) supports shared libraries
configure:10619: result: yes
configure:10655: g++ -c -g -O2  conftest.cpp >&5
configure:10658: $? = 0
configure:11178: checking for g++ option to produce PIC
configure:11185: result: -fPIC -DPIC
configure:11193: checking if g++ PIC flag -fPIC -DPIC works
configure:11211: g++ -c -g -O2  -fPIC -DPIC -DPIC conftest.cpp >&5
configure:11215: $? = 0
configure:11228: result: yes
configure:11251: checking if g++ static flag -static works
configure:11279: result: no
configure:11291: checking if g++ supports -c -o file.o
configure:11312: g++ -c -g -O2  -o out/conftest2.o conftest.cpp >&5
configure:11316: $? = 0
configure:11338: result: yes
configure:11343: checking if g++ supports -c -o file.o
configure:11390: result: yes
configure:11420: checking whether the g++ linker (/usr/bin/ld -m elf_x86_64) supports shared libraries
configure:11459: result: yes
configure:11600: checking dynamic linker characteristics
configure:12268: result: GNU/Linux ld.so
configure:12321: checking how to hardcode library paths into programs
configure:12346: result: immediate
configure:11391: checking for wx-config
configure:11410: found /usr/bin/wx-config
configure:11423: result: /usr/bin/wx-config
configure:11438: checking for wxWidgets version >= 3.0.0
configure:11484: result: yes (version 3.0.4)
configure:11489: checking for wxWidgets static library
configure:11494: result: no
configure:11695: checking for wx-config
configure:11727: result: /usr/bin/wx-config
configure:11742: checking for wxWidgets version >= 3.0.0
configure:11788: result: yes (version 3.0.4)
configure:11793: checking for wxWidgets static library
configure:11798: result: no
configure:11975: checking size of size_t
configure:11980: g++ -o conftest -g -O2   conftest.cpp  >&5
configure:11980: $? = 0
configure:11980: ./conftest
configure:11980: $? = 0
configure:11994: result: 8
configure:12040: checking if wxWidgets was built with UNICODE enabled
configure:12047: result: yes
configure:12062: checking if wxWidgets was built in DEBUG mode
configure:12073: result: no
configure:12084: checking if wxWidgets was built in STATIC mode
configure:12095: result: no
configure:12116: checking which wxWidgets toolkit was selected
configure:12153: result: gtk3
configure:12363: checking that generated files are newer than configure
configure:12369: result: done
configure:12424: creating ./config.status

## ---------------------- ##
## Running config.status. ##
## ---------------------- ##

This file was extended by wxchartdir config.status 1.0.0, which was
generated by GNU Autoconf 2.69.  Invocation command line was

  CONFIG_FILES    = 
  CONFIG_HEADERS  = 
  CONFIG_LINKS    = 
  CONFIG_COMMANDS = 
  $ ./config.status 

on sagemcom.ip

config.status:1208: creating Makefile
config.status:1208: creating wxchartdir.pc
config.status:1377: linking ../wxdemo/realtimedemo/pause.png to wxdemo/realtimedemo/pause.png
config.status:1377: linking ../wxdemo/realtimedemo/play.png to wxdemo/realtimedemo/play.png
config.status:1377: linking ../wxdemo/realtimemeasure/pointer.png to wxdemo/realtimemeasure/pointer.png
config.status:1377: linking ../wxdemo/realtimemeasure/save.png to wxdemo/realtimemeasure/save.png
config.status:1377: linking ../wxdemo/realtimemeasure/zoomin.png to wxdemo/realtimemeasure/zoomin.png
config.status:1377: linking ../wxdemo/realtimemeasure/zoomout.png to wxdemo/realtimemeasure/zoomout.png
config.status:1377: linking ../wxdemo/realtimemultithread/pointer.png to wxdemo/realtimemultithread/pointer.png
config.status:1377: linking ../wxdemo/realtimemultithread/save.png to wxdemo/realtimemultithread/save.png
config.status:1377: linking ../wxdemo/realtimemultithread/zoomin.png to wxdemo/realtimemultithread/zoomin.png
config.status:1377: linking ../wxdemo/realtimemultithread/zoomout.png to wxdemo/realtimemultithread/zoomout.png
config.status:1377: linking ../wxdemo/realtimetrack/pause.png to wxdemo/realtimetrack/pause.png
config.status:1377: linking ../wxdemo/realtimetrack/play.png to wxdemo/realtimetrack/play.png
config.status:1377: linking ../wxdemo/realtimeviewport/pointer.png to wxdemo/realtimeviewport/pointer.png
config.status:1377: linking ../wxdemo/realtimeviewport/save.png to wxdemo/realtimeviewport/save.png
config.status:1377: linking ../wxdemo/realtimeviewport/zoomin.png to wxdemo/realtimeviewport/zoomin.png
config.status:1377: linking ../wxdemo/realtimeviewport/zoomout.png to wxdemo/realtimeviewport/zoomout.png
config.status:1377: linking ../wxdemo/realtimezoomscroll/pointer.png to wxdemo/realtimezoomscroll/pointer.png
config.status:1377: linking ../wxdemo/realtimezoomscroll/save.png to wxdemo/realtimezoomscroll/save.png
config.status:1377: linking ../wxdemo/realtimezoomscroll/zoomin.png to wxdemo/realtimezoomscroll/zoomin.png
config.status:1377: linking ../wxdemo/realtimezoomscroll/zoomout.png to wxdemo/realtimezoomscroll/zoomout.png
config.status:1377: linking ../wxdemo/simplezoomscroll/pointer.png to wxdemo/simplezoomscroll/pointer.png
config.status:1377: linking ../wxdemo/simplezoomscroll/zoomin.png to wxdemo/simplezoomscroll/zoomin.png
config.status:1377: linking ../wxdemo/simplezoomscroll/zoomout.png to wxdemo/simplezoomscroll/zoomout.png
config.status:1377: linking ../wxdemo/viewportcontroldemo/pointer.png to wxdemo/viewportcontroldemo/pointer.png
config.status:1377: linking ../wxdemo/viewportcontroldemo/save.png to wxdemo/viewportcontroldemo/save.png
config.status:1377: linking ../wxdemo/viewportcontroldemo/zoomin.png to wxdemo/viewportcontroldemo/zoomin.png
config.status:1377: linking ../wxdemo/viewportcontroldemo/zoomout.png to wxdemo/viewportcontroldemo/zoomout.png
config.status:1377: linking ../wxdemo/wxdemo/angry.png to wxdemo/wxdemo/angry.png
config.status:1377: linking ../wxdemo/wxdemo/bg.png to wxdemo/wxdemo/bg.png
config.status:1377: linking ../wxdemo/wxdemo/clock.png to wxdemo/wxdemo/clock.png
config.status:1377: linking ../wxdemo/wxdemo/cloud.png to wxdemo/wxdemo/cloud.png
config.status:1377: linking ../wxdemo/wxdemo/computer.png to wxdemo/wxdemo/computer.png
config.status:1377: linking ../wxdemo/wxdemo/doc.png to wxdemo/wxdemo/doc.png
config.status:1377: linking ../wxdemo/wxdemo/laugh.png to wxdemo/wxdemo/laugh.png
config.status:1377: linking ../wxdemo/wxdemo/marble.png to wxdemo/wxdemo/marble.png
config.status:1377: linking ../wxdemo/wxdemo/marble2.png to wxdemo/wxdemo/marble2.png
config.status:1377: linking ../wxdemo/wxdemo/marble3.png to wxdemo/wxdemo/marble3.png
config.status:1377: linking ../wxdemo/wxdemo/molecule.png to wxdemo/wxdemo/molecule.png
config.status:1377: linking ../wxdemo/wxdemo/nocomment.png to wxdemo/wxdemo/nocomment.png
config.status:1377: linking ../wxdemo/wxdemo/rain.png to wxdemo/wxdemo/rain.png
config.status:1377: linking ../wxdemo/wxdemo/robot1.png to wxdemo/wxdemo/robot1.png
config.status:1377: linking ../wxdemo/wxdemo/robot2.png to wxdemo/wxdemo/robot2.png
config.status:1377: linking ../wxdemo/wxdemo/robot3.png to wxdemo/wxdemo/robot3.png
config.status:1377: linking ../wxdemo/wxdemo/robot4.png to wxdemo/wxdemo/robot4.png
config.status:1377: linking ../wxdemo/wxdemo/robot5.png to wxdemo/wxdemo/robot5.png
config.status:1377: linking ../wxdemo/wxdemo/rock.png to wxdemo/wxdemo/rock.png
config.status:1377: linking ../wxdemo/wxdemo/sad.png to wxdemo/wxdemo/sad.png
config.status:1377: linking ../wxdemo/wxdemo/service.png to wxdemo/wxdemo/service.png
config.status:1377: linking ../wxdemo/wxdemo/small_computer.png to wxdemo/wxdemo/small_computer.png
config.status:1377: linking ../wxdemo/wxdemo/small_molecule.png to wxdemo/wxdemo/small_molecule.png
config.status:1377: linking ../wxdemo/wxdemo/small_user.png to wxdemo/wxdemo/small_user.png
config.status:1377: linking ../wxdemo/wxdemo/smile.png to wxdemo/wxdemo/smile.png
config.status:1377: linking ../wxdemo/wxdemo/snow.png to wxdemo/wxdemo/snow.png
config.status:1377: linking ../wxdemo/wxdemo/snowy.png to wxdemo/wxdemo/snowy.png
config.status:1377: linking ../wxdemo/wxdemo/software.png to wxdemo/wxdemo/software.png
config.status:1377: linking ../wxdemo/wxdemo/star.png to wxdemo/wxdemo/star.png
config.status:1377: linking ../wxdemo/wxdemo/sun.png to wxdemo/wxdemo/sun.png
config.status:1377: linking ../wxdemo/wxdemo/wood.png to wxdemo/wxdemo/wood.png
config.status:1377: linking ../wxdemo/wxdemo/gas.gif to wxdemo/wxdemo/gas.gif
config.status:1377: linking ../wxdemo/wxdemo/tile.gif to wxdemo/wxdemo/tile.gif
config.status:1377: linking ../wxdemo/xyzoomscroll/pointer.png to wxdemo/xyzoomscroll/pointer.png
config.status:1377: linking ../wxdemo/xyzoomscroll/save.png to wxdemo/xyzoomscroll/save.png
config.status:1377: linking ../wxdemo/xyzoomscroll/zoomin.png to wxdemo/xyzoomscroll/zoomin.png
config.status:1377: linking ../wxdemo/xyzoomscroll/zoomout.png to wxdemo/xyzoomscroll/zoomout.png
config.status:1377: linking ../wxdemo/zoomscrolltrack/pointer.png to wxdemo/zoomscrolltrack/pointer.png
config.status:1377: linking ../wxdemo/zoomscrolltrack/zoomin.png to wxdemo/zoomscrolltrack/zoomin.png
config.status:1377: linking ../wxdemo/zoomscrolltrack/zoomout.png to wxdemo/zoomscrolltrack/zoomout.png
config.status:1377: linking ../wxdemo/zoomscrolltrack2/pointer.png to wxdemo/zoomscrolltrack2/pointer.png
config.status:1377: linking ../wxdemo/zoomscrolltrack2/zoomin.png to wxdemo/zoomscrolltrack2/zoomin.png
config.status:1377: linking ../wxdemo/zoomscrolltrack2/zoomout.png to wxdemo/zoomscrolltrack2/zoomout.png
config.status:1377: linking ../cppdemo/background/bg.png to cppdemo/bg.png
config.status:1377: linking ../cppdemo/background/tile.gif to cppdemo/tile.gif
config.status:1377: linking ../cppdemo/customsymbolline/small_computer.png to cppdemo/small_computer.png
config.status:1377: linking ../cppdemo/customsymbolline/small_user.png to cppdemo/small_user.png
config.status:1377: linking ../cppdemo/enhancedarea/small_molecule.png to cppdemo/small_molecule.png
config.status:1377: linking ../cppdemo/enhancedarea/star.png to cppdemo/star.png
config.status:1377: linking ../cppdemo/errline/clock.png to cppdemo/clock.png
config.status:1377: linking ../cppdemo/fontpie/marble.png to cppdemo/marble.png
config.status:1377: linking ../cppdemo/fontpie/marble2.png to cppdemo/marble2.png
config.status:1377: linking ../cppdemo/fontpie/wood.png to cppdemo/wood.png
config.status:1377: linking ../cppdemo/hboxwhisker/robot1.png to cppdemo/robot1.png
config.status:1377: linking ../cppdemo/hboxwhisker/robot2.png to cppdemo/robot2.png
config.status:1377: linking ../cppdemo/hboxwhisker/robot5.png to cppdemo/robot5.png
config.status:1377: linking ../cppdemo/iconameter/gas.gif to cppdemo/gas.gif
config.status:1377: linking ../cppdemo/icondonut/cloud.png to cppdemo/cloud.png
config.status:1377: linking ../cppdemo/icondonut/rain.png to cppdemo/rain.png
config.status:1377: linking ../cppdemo/icondonut/snowy.png to cppdemo/snowy.png
config.status:1377: linking ../cppdemo/icondonut/sun.png to cppdemo/sun.png
config.status:1377: linking ../cppdemo/iconpie2/angry.png to cppdemo/angry.png
config.status:1377: linking ../cppdemo/iconpie2/doc.png to cppdemo/doc.png
config.status:1377: linking ../cppdemo/iconpie2/laugh.png to cppdemo/laugh.png
config.status:1377: linking ../cppdemo/iconpie2/molecule.png to cppdemo/molecule.png
config.status:1377: linking ../cppdemo/iconpie2/nocomment.png to cppdemo/nocomment.png
config.status:1377: linking ../cppdemo/iconpie2/sad.png to cppdemo/sad.png
config.status:1377: linking ../cppdemo/iconpie2/smile.png to cppdemo/smile.png
config.status:1377: linking ../cppdemo/multistackbar/computer.png to cppdemo/computer.png
config.status:1377: linking ../cppdemo/multistackbar/service.png to cppdemo/service.png
config.status:1377: linking ../cppdemo/multistackbar/software.png to cppdemo/software.png
config.status:1377: linking ../cppdemo/patternarea/snow.png to cppdemo/snow.png
config.status:1377: linking ../cppdemo/scattersymbols/robot3.png to cppdemo/robot3.png
config.status:1377: linking ../cppdemo/scattersymbols/robot4.png to cppdemo/robot4.png
config.status:1377: linking ../cppdemo/texturedonut/marble3.png to cppdemo/marble3.png
config.status:1377: linking ../cppdemo/texturedonut/rock.png to cppdemo/rock.png
config.status:1396: executing depfiles commands
config.status:1473: cd .       && sed -e '/# am--include-marker/d' Makefile         | make -f - am--depfiles
config.status:1478: $? = 0
config.status:1396: executing libtool commands

## ---------------- ##
## Cache variables. ##
## ---------------- ##

ac_cv_build=x86_64-unknown-linux-gnu
ac_cv_c_compiler_gnu=yes
ac_cv_cxx_compiler_gnu=yes
ac_cv_env_CCC_set=
ac_cv_env_CCC_value=
ac_cv_env_CC_set=
ac_cv_env_CC_value=
ac_cv_env_CFLAGS_set=
ac_cv_env_CFLAGS_value=
ac_cv_env_CPPFLAGS_set=
ac_cv_env_CPPFLAGS_value=
ac_cv_env_CPP_set=
ac_cv_env_CPP_value=
ac_cv_env_CXXCPP_set=
ac_cv_env_CXXCPP_value=
ac_cv_env_CXXFLAGS_set=
ac_cv_env_CXXFLAGS_value=
ac_cv_env_CXX_set=
ac_cv_env_CXX_value=
ac_cv_env_LDFLAGS_set=
ac_cv_env_LDFLAGS_value=
ac_cv_env_LIBS_set=
ac_cv_env_LIBS_value=
ac_cv_env_WX_CONFIG_set=
ac_cv_env_WX_CONFIG_value=
ac_cv_env_build_alias_set=
ac_cv_env_build_alias_value=
ac_cv_env_host_alias_set=
ac_cv_env_host_alias_value=
ac_cv_env_target_alias_set=
ac_cv_env_target_alias_value=
ac_cv_header_dlfcn_h=yes
ac_cv_header_inttypes_h=yes
ac_cv_header_memory_h=yes
ac_cv_header_stdc=yes
ac_cv_header_stdint_h=yes
ac_cv_header_stdlib_h=yes
ac_cv_header_string_h=yes
ac_cv_header_strings_h=yes
ac_cv_header_sys_stat_h=yes
ac_cv_header_sys_types_h=yes
ac_cv_header_unistd_h=yes
ac_cv_host=x86_64-unknown-linux-gnu
ac_cv_objext=o
ac_cv_path_EGREP='/usr/bin/grep -E'
ac_cv_path_FGREP='/usr/bin/grep -F'
ac_cv_path_GREP=/usr/bin/grep
ac_cv_path_SED=/usr/bin/sed
ac_cv_path_WX_CONFIG_PATH=/usr/bin/wx-config
ac_cv_path_install='/usr/bin/install -c'
ac_cv_path_mkdir=/usr/bin/mkdir
ac_cv_prog_AWK=gawk
ac_cv_prog_CPP='gcc -E'
ac_cv_prog_CXXCPP='g++ -E'
ac_cv_prog_ac_ct_AR=ar
ac_cv_prog_ac_ct_CC=gcc
ac_cv_prog_ac_ct_CXX=g++
ac_cv_prog_ac_ct_OBJDUMP=objdump
ac_cv_prog_ac_ct_RANLIB=ranlib
ac_cv_prog_ac_ct_STRIP=strip
ac_cv_prog_cc_c89=
ac_cv_prog_cc_g=yes
ac_cv_prog_cxx_g=yes
ac_cv_prog_make_make_set=yes
ac_cv_sizeof_size_t=8
am_cv_CC_dependencies_compiler_type=gcc3
am_cv_CXX_dependencies_compiler_type=gcc3
am_cv_make_support_nested_variables=yes
am_cv_prog_cc_c_o=yes
lt_cv_ar_at_file=@
lt_cv_archive_cmds_need_lc=no
lt_cv_deplibs_check_method=pass_all
lt_cv_file_magic_cmd='$MAGIC_CMD'
lt_cv_file_magic_test_file=
lt_cv_ld_reload_flag=-r
lt_cv_nm_interface='BSD nm'
lt_cv_objdir=.libs
lt_cv_path_LD=/usr/bin/ld
lt_cv_path_LDCXX='/usr/bin/ld -m elf_x86_64'
lt_cv_path_NM='/usr/bin/nm -B'
lt_cv_path_mainfest_tool=no
lt_cv_prog_compiler_c_o=yes
lt_cv_prog_compiler_c_o_CXX=yes
lt_cv_prog_compiler_pic='-fPIC -DPIC'
lt_cv_prog_compiler_pic_CXX='-fPIC -DPIC'
lt_cv_prog_compiler_pic_works=yes
lt_cv_prog_compiler_pic_works_CXX=yes
lt_cv_prog_compiler_rtti_exceptions=no
lt_cv_prog_compiler_static_works=no
lt_cv_prog_compiler_static_works_CXX=no
lt_cv_prog_gnu_ld=yes
lt_cv_prog_gnu_ldcxx=yes
lt_cv_sharedlib_from_linklib_cmd='printf %s\n'
lt_cv_shlibpath_overrides_runpath=no
lt_cv_sys_global_symbol_pipe='sed -n -e '\''s/^.*[	 ]\([ABCDGIRSTW][ABCDGIRSTW]*\)[	 ][	 ]*\([_A-Za-z][_A-Za-z0-9]*\)$/\1 \2 \2/p'\'' | sed '\''/ __gnu_lto/d'\'''
lt_cv_sys_global_symbol_to_c_name_address='sed -n -e '\''s/^: \([^ ]*\)[ ]*$/  {\"\1\", (void *) 0},/p'\'' -e '\''s/^[ABCDGIRSTW]* \([^ ]*\) \([^ ]*\)$/  {"\2", (void *) \&\2},/p'\'''
lt_cv_sys_global_symbol_to_c_name_address_lib_prefix='sed -n -e '\''s/^: \([^ ]*\)[ ]*$/  {\"\1\", (void *) 0},/p'\'' -e '\''s/^[ABCDGIRSTW]* \([^ ]*\) \(lib[^ ]*\)$/  {"\2", (void *) \&\2},/p'\'' -e '\''s/^[ABCDGIRSTW]* \([^ ]*\) \([^ ]*\)$/  {"lib\2", (void *) \&\2},/p'\'''
lt_cv_sys_global_symbol_to_cdecl='sed -n -e '\''s/^T .* \(.*\)$/extern int \1();/p'\'' -e '\''s/^[ABCDGIRSTW]* .* \(.*\)$/extern char \1;/p'\'''
lt_cv_sys_max_cmd_len=1572864
lt_cv_to_host_file_cmd=func_convert_file_noop
lt_cv_to_tool_file_cmd=func_convert_file_noop

## ----------------- ##
## Output variables. ##
## ----------------- ##

ACLOCAL='${SHELL} /home/madalin/upit/kmeans/wxchartdir/admin/build-aux/missing aclocal-1.16'
AMDEPBACKSLASH='\'
AMDEP_FALSE='#'
AMDEP_TRUE=''
AMTAR='$${TAR-tar}'
AM_BACKSLASH='\'
AM_DEFAULT_V='$(AM_DEFAULT_VERBOSITY)'
AM_DEFAULT_VERBOSITY='0'
AM_V='$(V)'
AR='ar'
AUTOCONF='${SHELL} /home/madalin/upit/kmeans/wxchartdir/admin/build-aux/missing autoconf'
AUTOHEADER='${SHELL} /home/madalin/upit/kmeans/wxchartdir/admin/build-aux/missing autoheader'
AUTOMAKE='${SHELL} /home/madalin/upit/kmeans/wxchartdir/admin/build-aux/missing automake-1.16'
AWK='gawk'
BUILD_CHARTDIR_SAMPLE_FALSE='#'
BUILD_CHARTDIR_SAMPLE_TRUE=''
CC='gcc'
CCDEPMODE='depmode=gcc3'
CFLAGS='-g -O2'
CHARTDIR_PATH=''
CPP='gcc -E'
CPPFLAGS=''
CXX='g++'
CXXCPP='g++ -E'
CXXDEPMODE='depmode=gcc3'
CXXFLAGS='-g -O2'
CYGPATH_W='echo'
DEFS='-DPACKAGE_NAME=\"wxchartdir\" -DPACKAGE_TARNAME=\"wxchartdir\" -DPACKAGE_VERSION=\"1.0.0\" -DPACKAGE_STRING=\"wxchartdir\ 1.0.0\" -DPACKAGE_BUGREPORT=\"ulrich@telle-online.de\" -DPACKAGE_URL=\"\" -DPACKAGE=\"wxchartdir\" -DVERSION=\"1.0.0\" -DSTDC_HEADERS=1 -DHAVE_SYS_TYPES_H=1 -DHAVE_SYS_STAT_H=1 -DHAVE_STDLIB_H=1 -DHAVE_STRING_H=1 -DHAVE_MEMORY_H=1 -DHAVE_STRINGS_H=1 -DHAVE_INTTYPES_H=1 -DHAVE_STDINT_H=1 -DHAVE_UNISTD_H=1 -DHAVE_DLFCN_H=1 -DLT_OBJDIR=\".libs/\" -DSIZEOF_SIZE_T=8'
DEPDIR='.deps'
DLLTOOL='false'
DSYMUTIL=''
DUMPBIN=''
ECHO_C=''
ECHO_N='-n'
ECHO_T=''
EGREP='/usr/bin/grep -E'
EXEEXT=''
FGREP='/usr/bin/grep -F'
GREP='/usr/bin/grep'
HAS_CHARTDIR_PATH_FALSE=''
HAS_CHARTDIR_PATH_TRUE='#'
INSTALL_DATA='${INSTALL} -m 644'
INSTALL_PROGRAM='${INSTALL}'
INSTALL_SCRIPT='${INSTALL}'
INSTALL_STRIP_PROGRAM='$(install_sh) -c -s'
LD='/usr/bin/ld -m elf_x86_64'
LDFLAGS=''
LIBDIR='lib'
LIBOBJS=''
LIBS=''
LIBTOOL='$(SHELL) $(top_builddir)/libtool'
LIPO=''
LN_S='ln -s'
LTLIBOBJS=''
MAINT=''
MAINTAINER_MODE_FALSE='#'
MAINTAINER_MODE_TRUE=''
MAKEINFO='${SHELL} /home/madalin/upit/kmeans/wxchartdir/admin/build-aux/missing makeinfo'
MANIFEST_TOOL=':'
MKDIR_P='/usr/bin/mkdir -p'
NM='/usr/bin/nm -B'
NMEDIT=''
OBJDUMP='objdump'
OBJEXT='o'
OS_IS64BIT_FALSE='#'
OS_IS64BIT_TRUE=''
OTOOL64=''
OTOOL=''
PACKAGE='wxchartdir'
PACKAGE_BUGREPORT='ulrich@telle-online.de'
PACKAGE_NAME='wxchartdir'
PACKAGE_STRING='wxchartdir 1.0.0'
PACKAGE_TARNAME='wxchartdir'
PACKAGE_URL=''
PACKAGE_VERSION='1.0.0'
PATH_SEPARATOR=':'
RANLIB='ranlib'
SED='/usr/bin/sed'
SET_MAKE=''
SHELL='/bin/sh'
STRIP='strip'
USE_GTK_FALSE='#'
USE_GTK_TRUE=''
USE_MAC_FALSE=''
USE_MAC_TRUE='#'
USE_SHARED_FALSE='#'
USE_SHARED_TRUE=''
VERSION='1.0.0'
WXCHARTDIR_LIBNAME='wxcode_gtk3u_wxchartdir-3.0'
WX_CFLAGS='-I/usr/lib64/wx/include/gtk3-unicode-3.0 -I/usr/include/wx-3.0 -D_FILE_OFFSET_BITS=64 -DWXUSINGDLL -D__WXGTK__ -pthread'
WX_CFLAGS_ONLY='-pthread'
WX_CONFIG=''
WX_CONFIG_PATH='/usr/bin/wx-config'
WX_CPPFLAGS='-I/usr/lib64/wx/include/gtk3-unicode-3.0 -I/usr/include/wx-3.0 -D_FILE_OFFSET_BITS=64 -DWXUSINGDLL -D__WXGTK__'
WX_CXXFLAGS='-I/usr/lib64/wx/include/gtk3-unicode-3.0 -I/usr/include/wx-3.0 -D_FILE_OFFSET_BITS=64 -DWXUSINGDLL -D__WXGTK__ -pthread'
WX_CXXFLAGS_ONLY=''
WX_DEBUG='0'
WX_LIBS='-pthread   -lwx_baseu-3.0 -lwx_gtk3u_core-3.0 '
WX_LIBS_CHARTDIR_SAMPLE='-pthread   -lwx_gtk3u_adv-3.0 -lwx_gtk3u_html-3.0 -lwx_gtk3u_richtext-3.0 -lwx_baseu-3.0 -lwx_gtk3u_core-3.0 -lwx_baseu_xml-3.0 '
WX_LIBS_STATIC=''
WX_PORT='gtk3'
WX_RESCOMP=''
WX_SHARED='1'
WX_UNICODE='1'
WX_VERSION='3.0.4'
WX_VERSION_MAJOR='3'
WX_VERSION_MICRO='4'
WX_VERSION_MINOR='0'
ac_ct_AR='ar'
ac_ct_CC='gcc'
ac_ct_CXX='g++'
ac_ct_DUMPBIN=''
am__EXEEXT_FALSE=''
am__EXEEXT_TRUE='#'
am__fastdepCC_FALSE='#'
am__fastdepCC_TRUE=''
am__fastdepCXX_FALSE='#'
am__fastdepCXX_TRUE=''
am__include='include'
am__isrc=' -I$(srcdir)'
am__leading_dot='.'
am__nodep='_no'
am__quote=''
am__tar='$${TAR-tar} chof - "$$tardir"'
am__untar='$${TAR-tar} xf -'
bindir='${exec_prefix}/bin'
build='x86_64-unknown-linux-gnu'
build_alias=''
build_cpu='x86_64'
build_os='linux-gnu'
build_vendor='unknown'
datadir='${datarootdir}'
datarootdir='${prefix}/share'
docdir='${datarootdir}/doc/${PACKAGE_TARNAME}'
dvidir='${docdir}'
exec_prefix='${prefix}'
host='x86_64-unknown-linux-gnu'
host_alias=''
host_cpu='x86_64'
host_os='linux-gnu'
host_vendor='unknown'
htmldir='${docdir}'
includedir='${prefix}/include'
infodir='${datarootdir}/info'
install_sh='${SHELL} /home/madalin/upit/kmeans/wxchartdir/admin/build-aux/install-sh'
libdir='${exec_prefix}/lib'
libexecdir='${exec_prefix}/libexec'
localedir='${datarootdir}/locale'
localstatedir='${prefix}/var'
mandir='${datarootdir}/man'
mkdir_p='$(MKDIR_P)'
oldincludedir='/usr/include'
pdfdir='${docdir}'
prefix='/usr/local'
program_transform_name='s,x,x,'
psdir='${docdir}'
sbindir='${exec_prefix}/sbin'
sharedstatedir='${prefix}/com'
sysconfdir='${prefix}/etc'
target_alias=''

## ----------- ##
## confdefs.h. ##
## ----------- ##

/* confdefs.h */
#define PACKAGE_NAME "wxchartdir"
#define PACKAGE_TARNAME "wxchartdir"
#define PACKAGE_VERSION "1.0.0"
#define PACKAGE_STRING "wxchartdir 1.0.0"
#define PACKAGE_BUGREPORT "ulrich@telle-online.de"
#define PACKAGE_URL ""
#define PACKAGE "wxchartdir"
#define VERSION "1.0.0"
#define STDC_HEADERS 1
#define HAVE_SYS_TYPES_H 1
#define HAVE_SYS_STAT_H 1
#define HAVE_STDLIB_H 1
#define HAVE_STRING_H 1
#define HAVE_MEMORY_H 1
#define HAVE_STRINGS_H 1
#define HAVE_INTTYPES_H 1
#define HAVE_STDINT_H 1
#define HAVE_UNISTD_H 1
#define HAVE_DLFCN_H 1
#define LT_OBJDIR ".libs/"
#define SIZEOF_SIZE_T 8

configure: exit 0
